#
# A fatal error has been detected by the Java Runtime Environment:
#
#  EXCEPTION_ACCESS_VIOLATION (0xc0000005) at pc=0x00007ffbd1b01bc5, pid=3904, tid=10056
#
# JRE version:  (19.0.1+10) (build )
# Java VM: Java HotSpot(TM) 64-Bit Server VM (19.0.1+10-21, mixed mode, sharing, tiered, unknown gc, windows-amd64)
# Problematic frame:
# C  [jimage.dll+0x1bc5]
#
# No core dump will be written. Minidumps are not enabled by default on client versions of Windows
#
#

---------------  S U M M A R Y ------------

Command Line: 

Host: Intel(R) Core(TM) i5-5300U CPU @ 2.30GHz, 4 cores, 7G,  Windows 10 , 64 bit Build 19041 (10.0.19041.3031)
Time: Fri Nov  3 13:39:45 2023 India Standard Time elapsed time: 4.312990 seconds (0d 0h 0m 4s)

---------------  T H R E A D  ---------------

Current thread is native thread

Stack: [0x000000a527c00000,0x000000a527d00000],  sp=0x000000a527cfd490,  free space=1013k
Native frames: (J=compiled Java code, j=interpreted, Vv=VM code, C=native code)
C  [jimage.dll+0x1bc5]
C  [jimage.dll+0x1d53]
C  [jimage.dll+0x2619]
V  [jvm.dll+0x225d3a]
V  [jvm.dll+0xcdf62]
V  [jvm.dll+0x801e03]
V  [jvm.dll+0x44b30f]
V  [jvm.dll+0x44cc91]
C  [jli.dll+0x5287]
C  [ucrtbase.dll+0x21bb2]
C  [KERNEL32.DLL+0x17614]
C  [ntdll.dll+0x526f1]


siginfo: EXCEPTION_ACCESS_VIOLATION (0xc0000005), reading address 0x000000000000f488


Registers:
RAX=0x0000000000003d1b, RBX=0x000000a527cfd581, RCX=0x00007ffbd1b06000, RDX=0x0000000000003d1b
RSP=0x000000a527cfd490, RBP=0x000000a527cfd580, RSI=0x000000000000734d, RDI=0x000000a527cfd580
R8 =0x00007ffbd1b04298, R9 =0x000000000000001c, R10=0x00007ffbd2920000, R11=0x00007ffbd1b06000
R12=0x0000000000000000, R13=0x000000a527cff9b0, R14=0x000000a527cfe5f0, R15=0x00007ffb9cb527a8
RIP=0x00007ffbd1b01bc5, EFLAGS=0x0000000000010246


Top of Stack: (sp=0x000000a527cfd490)
0x000000a527cfd490:   000000a5279f0000 0000000000000003
0x000000a527cfd4a0:   000001c7ede11788 000000a527cfd600
0x000000a527cfd4b0:   000001c7edf9f650 00007ffbd1b01d53
0x000000a527cfd4c0:   000000000000000b 000001c7edf9f650
0x000000a527cfd4d0:   000000a527cfd521 000000a527cfd600
0x000000a527cfd4e0:   00000000000006f5 000001c7edf60150
0x000000a527cfd4f0:   00000000000006f5 00000000000006f5
0x000000a527cfd500:   00000000000006f5 000001c7edf60000
0x000000a527cfd510:   000001c7f00d0000 00007ffbe4e6e2a9
0x000000a527cfd520:   00004cc8fd32720b 0000000307000205
0x000000a527cfd530:   00007ffb9cb326a0 0000000000000017
0x000000a527cfd540:   000001c7edf9f650 000000a527cfe5f0
0x000000a527cfd550:   000000000000000b 00007ffbd1b02619
0x000000a527cfd560:   0000000000000768 0000000000000768
0x000000a527cfd570:   0000000000000768 000001c7edf60000
0x000000a527cfd580:   61622e6176616a2f 692f6b646a2f6573 

Instructions: (pc=0x00007ffbd1b01bc5)
0x00007ffbd1b01ac5:   48 85 c9 74 1d 80 3d 3f 45 00 00 00 74 06 48 8b
0x00007ffbd1b01ad5:   53 18 eb 04 48 8b 53 40 e8 96 0e 00 00 48 83 63
0x00007ffbd1b01ae5:   48 00 8b 4b 0c 83 f9 ff 74 09 e8 cc 0c 00 00 83
0x00007ffbd1b01af5:   4b 0c ff 48 8b 4b 70 48 85 c9 74 0f ba 10 00 00
0x00007ffbd1b01b05:   00 e8 ed 0e 00 00 48 83 63 70 00 48 83 c4 20 5b
0x00007ffbd1b01b15:   c3 cc cc 40 53 48 83 ec 20 48 8b d9 48 8d 0d f8
0x00007ffbd1b01b25:   46 00 00 e8 9b 0c 00 00 83 6b 08 01 75 24 48 8b
0x00007ffbd1b01b35:   d3 48 8d 0d db 44 00 00 e8 22 08 00 00 48 8b cb
0x00007ffbd1b01b45:   e8 d6 fe ff ff ba 78 00 00 00 48 8b cb e8 a1 0e
0x00007ffbd1b01b55:   00 00 48 8d 0d c2 46 00 00 48 83 c4 20 5b e9 68
0x00007ffbd1b01b65:   0c 00 00 48 89 5c 24 08 48 89 74 24 10 57 48 83
0x00007ffbd1b01b75:   ec 20 41 8b f1 4d 8b c8 48 8b fa 4c 8b d9 4d 85
0x00007ffbd1b01b85:   c0 74 78 85 f6 74 74 44 8a 12 48 8d 5a 01 48 8b
0x00007ffbd1b01b95:   d3 b8 93 01 00 01 eb 12 69 c0 93 01 00 01 41 0f
0x00007ffbd1b01ba5:   b6 ca 44 8a 12 33 c1 48 ff c2 45 84 d2 75 e9 4d
0x00007ffbd1b01bb5:   8b 03 0f ba f0 1f 33 d2 49 8b cb f7 f6 48 63 c2
0x00007ffbd1b01bc5:   41 8b 14 81 41 ff 50 08 85 c0 7e 24 8a 0f eb 10
0x00007ffbd1b01bd5:   69 c0 93 01 00 01 0f b6 c9 33 c1 8a 0b 48 ff c3
0x00007ffbd1b01be5:   84 c9 75 ec 0f ba f0 1f 33 d2 f7 f6 8b c2 eb 0e
0x00007ffbd1b01bf5:   79 09 83 c9 ff 2b c8 8b c1 eb 03 83 c8 ff 48 8b
0x00007ffbd1b01c05:   5c 24 30 48 8b 74 24 38 48 83 c4 20 5f c3 cc 48
0x00007ffbd1b01c15:   89 5c 24 08 48 89 74 24 10 57 48 83 ec 20 48 8b
0x00007ffbd1b01c25:   f1 48 8d 0d f3 45 00 00 e8 96 0b 00 00 33 ff 39
0x00007ffbd1b01c35:   3d de 43 00 00 76 24 48 8b 05 dd 43 00 00 48 8b
0x00007ffbd1b01c45:   d6 48 8b 1c f8 48 8b 0b e8 68 1e 00 00 85 c0 74
0x00007ffbd1b01c55:   2b ff c7 3b 3d ba 43 00 00 72 dc 33 db 48 8d 0d
0x00007ffbd1b01c65:   b7 45 00 00 e8 62 0b 00 00 48 8b 74 24 38 48 8b
0x00007ffbd1b01c75:   c3 48 8b 5c 24 30 48 83 c4 20 5f c3 ff 43 08 eb
0x00007ffbd1b01c85:   dc cc cc 48 89 5c 24 08 48 89 74 24 10 57 48 83
0x00007ffbd1b01c95:   ec 20 48 8b d9 48 8b f2 48 8b 49 10 49 8b f8 8b
0x00007ffbd1b01ca5:   53 30 48 8b 01 ff 50 20 4c 8b 43 50 48 8b d6 48
0x00007ffbd1b01cb5:   8b 4b 10 44 8b c8 e8 a8 fe ff ff 83 f8 ff 74 38 



---------------  P R O C E S S  ---------------

VM state: not at safepoint (not fully initialized)

VM Mutex/Monitor currently owned by a thread: None

GC Precious Log:
<Not initialized>


Dynamic libraries:
0x00007ff6c48c0000 - 0x00007ff6c48d0000 	C:\Program Files\Java\jdk-19\bin\javaw.exe
0x00007ffbe4e50000 - 0x00007ffbe5048000 	C:\Windows\SYSTEM32\ntdll.dll
0x00007ffbe2eb0000 - 0x00007ffbe2f6f000 	C:\Windows\System32\KERNEL32.DLL
0x00007ffbe2ab0000 - 0x00007ffbe2da6000 	C:\Windows\System32\KERNELBASE.dll
0x00007ffbe2700000 - 0x00007ffbe2800000 	C:\Windows\System32\ucrtbase.dll
0x00007ffbc4c70000 - 0x00007ffbc4c88000 	C:\Program Files\Java\jdk-19\bin\jli.dll
0x00007ffbe3270000 - 0x00007ffbe331f000 	C:\Windows\System32\ADVAPI32.dll
0x00007ffbe3b50000 - 0x00007ffbe3bee000 	C:\Windows\System32\msvcrt.dll
0x00007ffbe3c50000 - 0x00007ffbe3cec000 	C:\Windows\System32\sechost.dll
0x00007ffbe3cf0000 - 0x00007ffbe3e16000 	C:\Windows\System32\RPCRT4.dll
0x00007ffbe4200000 - 0x00007ffbe439d000 	C:\Windows\System32\USER32.dll
0x00007ffbe2960000 - 0x00007ffbe2982000 	C:\Windows\System32\win32u.dll
0x00007ffbe4530000 - 0x00007ffbe455c000 	C:\Windows\System32\GDI32.dll
0x00007ffbe2530000 - 0x00007ffbe2645000 	C:\Windows\System32\gdi32full.dll
0x00007ffbe2990000 - 0x00007ffbe2a2d000 	C:\Windows\System32\msvcp_win.dll
0x00007ffbd2920000 - 0x00007ffbd293b000 	C:\Program Files\Java\jdk-19\bin\VCRUNTIME140.dll
0x00007ffbd3d20000 - 0x00007ffbd3fba000 	C:\Windows\WinSxS\amd64_microsoft.windows.common-controls_6595b64144ccf1df_6.0.19041.1110_none_60b5254171f9507e\COMCTL32.dll
0x00007ffbced50000 - 0x00007ffbced5a000 	C:\Windows\SYSTEM32\VERSION.dll
0x00007ffbe3240000 - 0x00007ffbe3270000 	C:\Windows\System32\IMM32.DLL
0x00007ffbd32c0000 - 0x00007ffbd32cc000 	C:\Program Files\Java\jdk-19\bin\vcruntime140_1.dll
0x00007ffbb80d0000 - 0x00007ffbb815e000 	C:\Program Files\Java\jdk-19\bin\msvcp140.dll
0x00007ffb9c1e0000 - 0x00007ffb9cea0000 	C:\Program Files\Java\jdk-19\bin\server\jvm.dll
0x00007ffbd1880000 - 0x00007ffbd1889000 	C:\Windows\SYSTEM32\WSOCK32.dll
0x00007ffbe3e20000 - 0x00007ffbe3e8b000 	C:\Windows\System32\WS2_32.dll
0x00007ffbd4ae0000 - 0x00007ffbd4b07000 	C:\Windows\SYSTEM32\WINMM.dll
0x00007ffbe0d70000 - 0x00007ffbe0d82000 	C:\Windows\SYSTEM32\kernel.appcore.dll
0x00007ffbd1b00000 - 0x00007ffbd1b0a000 	C:\Program Files\Java\jdk-19\bin\jimage.dll
0x00007ffbdf9e0000 - 0x00007ffbdfbc4000 	C:\Windows\SYSTEM32\DBGHELP.DLL
0x00007ffbd59c0000 - 0x00007ffbd59f4000 	C:\Windows\SYSTEM32\dbgcore.DLL
0x00007ffbe2e20000 - 0x00007ffbe2ea2000 	C:\Windows\System32\bcryptPrimitives.dll

dbghelp: loaded successfully - version: 4.0.5 - missing functions: none
symbol engine: initialized successfully - sym options: 0x614 - pdb path: .;C:\Program Files\Java\jdk-19\bin;C:\Windows\SYSTEM32;C:\Windows\WinSxS\amd64_microsoft.windows.common-controls_6595b64144ccf1df_6.0.19041.1110_none_60b5254171f9507e;C:\Program Files\Java\jdk-19\bin\server

VM Arguments:
java_command: <unknown>
java_class_path (initial): <not set>
Launcher Type: SUN_STANDARD

[Global flags]
     bool UseLargePagesIndividualAllocation        = false                                  {pd product} {ergonomic}

Logging:
Log output configuration:
 #0: stdout all=warning uptime,level,tags foldmultilines=false
 #1: stderr all=off uptime,level,tags foldmultilines=false

Environment Variables:
PATH=C:\Program Files\Common Files\Oracle\Java\javapath;C:\Program Files (x86)\Common Files\Oracle\Java\javapath;C:\Windows\system32;C:\Windows;C:\Windows\System32\Wbem;C:\Windows\System32\WindowsPowerShell\v1.0\;C:\Windows\System32\OpenSSH\;C:\Program Files\Java\jdk-19;C:\Program Files\MySQL\MySQL Server 8.0\bin;D:\apache-maven-3.9.4\;C:\Program Files\MySQL\MySQL Shell 8.0\bin\;C:\Users\SONU\AppData\Local\Microsoft\WindowsApps;C:\Users\SONU\AppData\Local\GitHubDesktop\bin
USERNAME=SONU
OS=Windows_NT
PROCESSOR_IDENTIFIER=Intel64 Family 6 Model 61 Stepping 4, GenuineIntel
TMP=C:\Users\SONU\AppData\Local\Temp
TEMP=C:\Users\SONU\AppData\Local\Temp



---------------  S Y S T E M  ---------------

OS:
 Windows 10 , 64 bit Build 19041 (10.0.19041.3031)
OS uptime: 19 days 6:25 hours

CPU: total 4 (initial active 0) 

Memory: 4k page, system-wide physical 8112M (2399M free)
TotalPageFile size 18389M (AvailPageFile size 827M)
current process WorkingSet (physical memory assigned to process): 8M, peak: 8M
current process commit charge ("private bytes"): 3M, peak: 3M

vm_info: Java HotSpot(TM) 64-Bit Server VM (19.0.1+10-21) for windows-amd64 JRE (19.0.1+10-21), built on 2022-09-14T12:45:06Z by "mach5one" with MS VC++ 17.1 (VS2022)

END.
